#
# There is insufficient memory for the Java Runtime Environment to continue.
# Native memory allocation (mmap) failed to map 264241152 bytes for G1 virtual space
# Possible reasons:
#   The system is out of physical RAM or swap space
#   The process is running with CompressedOops enabled, and the Java Heap may be blocking the growth of the native heap
# Possible solutions:
#   Reduce memory load on the system
#   Increase physical memory or swap space
#   Check if swap backing store is full
#   Decrease Java heap size (-Xmx/-Xms)
#   Decrease number of Java threads
#   Decrease Java thread stack sizes (-Xss)
#   Set larger code cache with -XX:ReservedCodeCacheSize=
#   JVM is running with Zero Based Compressed Oops mode in which the Java heap is
#     placed in the first 32GB address space. The Java Heap base address is the
#     maximum limit for the native heap growth. Please use -XX:HeapBaseMinAddress
#     to set the Java Heap base and to place the Java Heap above 32GB virtual address.
# This output file may be truncated or incomplete.
#
#  Out of Memory Error (os_windows.cpp:3528), pid=37540, tid=30956
#
# JRE version:  (20.0.2+9) (build )
# Java VM: Java HotSpot(TM) 64-Bit Server VM (20.0.2+9-78, mixed mode, emulated-client, sharing, tiered, compressed oops, compressed class ptrs, g1 gc, windows-amd64)
# No core dump will be written. Minidumps are not enabled by default on client versions of Windows
#

---------------  S U M M A R Y ------------

Command Line: -XX:TieredStopAtLevel=1 -Dspring.output.ansi.enabled=always -Dcom.sun.management.jmxremote -Dspring.jmx.enabled=true -Dspring.liveBeansView.mbeanDomain -Dspring.application.admin.enabled=true -Dmanagement.endpoints.jmx.exposure.include=* -javaagent:D:\Program Files\JetBrains\IntelliJ IDEA 2023.2.2\lib\idea_rt.jar=49811:D:\Program Files\JetBrains\IntelliJ IDEA 2023.2.2\bin -Dfile.encoding=UTF-8 -Dsun.stdout.encoding=UTF-8 -Dsun.stderr.encoding=UTF-8 com.example.todoSpringboot.TodoSpringbootApplication

Host: 12th Gen Intel(R) Core(TM) i7-12650H, 16 cores, 15G,  Windows 11 , 64 bit Build 22621 (10.0.22621.2506)
Time: Fri Jan 12 12:41:31 2024  Windows 11 , 64 bit Build 22621 (10.0.22621.2506) elapsed time: 0.008308 seconds (0d 0h 0m 0s)

---------------  T H R E A D  ---------------

Current thread (0x000002688e62e2c0):  JavaThread "Unknown thread" [_thread_in_vm, id=30956, stack(0x000000f5e9900000,0x000000f5e9a00000)]

Stack: [0x000000f5e9900000,0x000000f5e9a00000]
Native frames: (J=compiled Java code, j=interpreted, Vv=VM code, C=native code)
V  [jvm.dll+0x6bc25a]
V  [jvm.dll+0x84971a]
V  [jvm.dll+0x84b315]
V  [jvm.dll+0x84ba13]
V  [jvm.dll+0x280e4f]
V  [jvm.dll+0x6b8fe9]
V  [jvm.dll+0x6adbca]
V  [jvm.dll+0x35b165]
V  [jvm.dll+0x363386]
V  [jvm.dll+0x3b400e]
V  [jvm.dll+0x3b4295]
V  [jvm.dll+0x32b86a]
V  [jvm.dll+0x32c68b]
V  [jvm.dll+0x8123df]
V  [jvm.dll+0x3c1261]
V  [jvm.dll+0x7fe103]
V  [jvm.dll+0x44ccaf]
V  [jvm.dll+0x44e621]
C  [jli.dll+0x5287]
C  [ucrtbase.dll+0x29363]
C  [KERNEL32.DLL+0x1257d]
C  [ntdll.dll+0x5aa58]


---------------  P R O C E S S  ---------------

Threads class SMR info:
_java_thread_list=0x00007ffa6f4ab118, length=0, elements={
}

Java Threads: ( => current thread )

Other Threads:
  0x000002688e69f610 WorkerThread "GC Thread#0" [stack: 0x000000f5e9a00000,0x000000f5e9b00000] [id=38716]
  0x000002688e6b0290 ConcurrentGCThread "G1 Main Marker" [stack: 0x000000f5e9b00000,0x000000f5e9c00000] [id=32020]
  0x000002688e6b0cc0 WorkerThread "G1 Conc#0" [stack: 0x000000f5e9c00000,0x000000f5e9d00000] [id=35728]

[error occurred during error reporting (printing all threads), id 0xc0000005, EXCEPTION_ACCESS_VIOLATION (0xc0000005) at pc=0x00007ffa6ec8eea7]
VM state: not at safepoint (not fully initialized)

VM Mutex/Monitor currently owned by a thread:  ([mutex/lock_event])
[0x000002688e62a930] Heap_lock - owner thread: 0x000002688e62e2c0

Heap address: 0x0000000704200000, size: 4030 MB, Compressed Oops mode: Zero based, Oop shift amount: 3

CDS archive(s) mapped at: [0x0000000000000000-0x0000000000000000-0x0000000000000000), size 0, SharedBaseAddress: 0x0000000800000000, ArchiveRelocationMode: 1.
Narrow klass base: 0x0000000000000000, Narrow klass shift: 0, Narrow klass range: 0x0

GC Precious Log:
 CardTable entry size: 512
 Card Set container configuration: InlinePtr #cards 4 size 8 Array Of Cards #cards 16 size 48 Howl #buckets 8 coarsen threshold 3686 Howl Bitmap #cards 512 size 80 coarsen threshold 460 Card regions per heap region 1 cards per card region 4096

Heap:
 garbage-first heap   total 0K, used 0K [0x0000000704200000, 0x0000000800000000)
  region size 2048K, 0 young (0K), 0 survivors (0K)

[error occurred during error reporting (printing heap information), id 0xc0000005, EXCEPTION_ACCESS_VIOLATION (0xc0000005) at pc=0x00007ffa6f0647b9]
GC Heap History (0 events):
No events

Dll operation events (1 events):
Event: 0.005 Loaded shared library D:\Program Files\environment\Java\jdk15\bin\java.dll

Deoptimization events (0 events):
No events

Classes loaded (0 events):
No events

Classes unloaded (0 events):
No events

Classes redefined (0 events):
No events

Internal exceptions (0 events):
No events

VM Operations (0 events):
No events

Events (0 events):
No events


Dynamic libraries:
0x00007ff6c5c10000 - 0x00007ff6c5c20000 	D:\Program Files\environment\Java\jdk15\bin\java.exe
0x00007ffb0bcf0000 - 0x00007ffb0bf07000 	C:\WINDOWS\SYSTEM32\ntdll.dll
0x00007ffb0ba30000 - 0x00007ffb0baf4000 	C:\WINDOWS\System32\KERNEL32.DLL
0x00007ffb093e0000 - 0x00007ffb09786000 	C:\WINDOWS\System32\KERNELBASE.dll
0x00007ffb09790000 - 0x00007ffb098a1000 	C:\WINDOWS\System32\ucrtbase.dll
0x00007ffaf2550000 - 0x00007ffaf2569000 	D:\Program Files\environment\Java\jdk15\bin\jli.dll
0x00007ffaf26c0000 - 0x00007ffaf26db000 	D:\Program Files\environment\Java\jdk15\bin\VCRUNTIME140.dll
0x00007ffb0a700000 - 0x00007ffb0a7b3000 	C:\WINDOWS\System32\ADVAPI32.dll
0x00007ffb0b270000 - 0x00007ffb0b317000 	C:\WINDOWS\System32\msvcrt.dll
0x00007ffb0b120000 - 0x00007ffb0b1c8000 	C:\WINDOWS\System32\sechost.dll
0x00007ffb09220000 - 0x00007ffb09248000 	C:\WINDOWS\System32\bcrypt.dll
0x00007ffb0b320000 - 0x00007ffb0b437000 	C:\WINDOWS\System32\RPCRT4.dll
0x00007ffb0a550000 - 0x00007ffb0a6fe000 	C:\WINDOWS\System32\USER32.dll
0x00007ffb098b0000 - 0x00007ffb098d6000 	C:\WINDOWS\System32\win32u.dll
0x00007ffb0bc80000 - 0x00007ffb0bca9000 	C:\WINDOWS\System32\GDI32.dll
0x00007ffaf1060000 - 0x00007ffaf12f3000 	C:\WINDOWS\WinSxS\amd64_microsoft.windows.common-controls_6595b64144ccf1df_6.0.22621.2506_none_270c5ae97388e100\COMCTL32.dll
0x00007ffb09250000 - 0x00007ffb09368000 	C:\WINDOWS\System32\gdi32full.dll
0x00007ffb099a0000 - 0x00007ffb09a3a000 	C:\WINDOWS\System32\msvcp_win.dll
0x00007ffb01e60000 - 0x00007ffb01e6a000 	C:\WINDOWS\SYSTEM32\VERSION.dll
0x00007ffb0b0e0000 - 0x00007ffb0b111000 	C:\WINDOWS\System32\IMM32.DLL
0x00007ffaf26b0000 - 0x00007ffaf26bc000 	D:\Program Files\environment\Java\jdk15\bin\vcruntime140_1.dll
0x00007ffacb5c0000 - 0x00007ffacb64e000 	D:\Program Files\environment\Java\jdk15\bin\msvcp140.dll
0x00007ffa6e950000 - 0x00007ffa6f5e8000 	D:\Program Files\environment\Java\jdk15\bin\server\jvm.dll
0x00007ffb05f20000 - 0x00007ffb05f29000 	C:\WINDOWS\SYSTEM32\WSOCK32.dll
0x00007ffb0bb00000 - 0x00007ffb0bb71000 	C:\WINDOWS\System32\WS2_32.dll
0x00007ffb017f0000 - 0x00007ffb01824000 	C:\WINDOWS\SYSTEM32\WINMM.dll
0x00007ffb08120000 - 0x00007ffb08138000 	C:\WINDOWS\SYSTEM32\kernel.appcore.dll
0x00007ffaf2540000 - 0x00007ffaf254a000 	D:\Program Files\environment\Java\jdk15\bin\jimage.dll
0x00007ffb06890000 - 0x00007ffb06ac3000 	C:\WINDOWS\SYSTEM32\DBGHELP.DLL
0x00007ffb0ad50000 - 0x00007ffb0b0d9000 	C:\WINDOWS\System32\combase.dll
0x00007ffb09c10000 - 0x00007ffb09ce7000 	C:\WINDOWS\System32\OLEAUT32.dll
0x00007ffaffff0000 - 0x00007ffb00022000 	C:\WINDOWS\SYSTEM32\dbgcore.DLL
0x00007ffb091a0000 - 0x00007ffb0921a000 	C:\WINDOWS\System32\bcryptPrimitives.dll
0x00007ffaf63e0000 - 0x00007ffaf63ee000 	D:\Program Files\environment\Java\jdk15\bin\instrument.dll
0x00007ffaf2510000 - 0x00007ffaf2536000 	D:\Program Files\environment\Java\jdk15\bin\java.dll

dbghelp: loaded successfully - version: 4.0.5 - missing functions: none
symbol engine: initialized successfully - sym options: 0x614 - pdb path: .;D:\Program Files\environment\Java\jdk15\bin;C:\WINDOWS\SYSTEM32;C:\WINDOWS\WinSxS\amd64_microsoft.windows.common-controls_6595b64144ccf1df_6.0.22621.2506_none_270c5ae97388e100;D:\Program Files\environment\Java\jdk15\bin\server

VM Arguments:
jvm_args: -XX:TieredStopAtLevel=1 -Dspring.output.ansi.enabled=always -Dcom.sun.management.jmxremote -Dspring.jmx.enabled=true -Dspring.liveBeansView.mbeanDomain -Dspring.application.admin.enabled=true -Dmanagement.endpoints.jmx.exposure.include=* -javaagent:D:\Program Files\JetBrains\IntelliJ IDEA 2023.2.2\lib\idea_rt.jar=49811:D:\Program Files\JetBrains\IntelliJ IDEA 2023.2.2\bin -Dfile.encoding=UTF-8 -Dsun.stdout.encoding=UTF-8 -Dsun.stderr.encoding=UTF-8 
java_command: com.example.todoSpringboot.TodoSpringbootApplication
java_class_path (initial): D:\stu\todospringboot\target\classes;C:\Users\16508\.m2\repository\org\springframework\boot\spring-boot-starter\2.7.16\spring-boot-starter-2.7.16.jar;C:\Users\16508\.m2\repository\org\springframework\boot\spring-boot\2.7.16\spring-boot-2.7.16.jar;C:\Users\16508\.m2\repository\org\springframework\spring-context\5.3.30\spring-context-5.3.30.jar;C:\Users\16508\.m2\repository\org\springframework\boot\spring-boot-autoconfigure\2.7.16\spring-boot-autoconfigure-2.7.16.jar;C:\Users\16508\.m2\repository\org\springframework\boot\spring-boot-starter-logging\2.7.16\spring-boot-starter-logging-2.7.16.jar;C:\Users\16508\.m2\repository\ch\qos\logback\logback-classic\1.2.12\logback-classic-1.2.12.jar;C:\Users\16508\.m2\repository\ch\qos\logback\logback-core\1.2.12\logback-core-1.2.12.jar;C:\Users\16508\.m2\repository\org\apache\logging\log4j\log4j-to-slf4j\2.17.2\log4j-to-slf4j-2.17.2.jar;C:\Users\16508\.m2\repository\org\apache\logging\log4j\log4j-api\2.17.2\log4j-api-2.17.2.jar;C:\Users\16508\.m2\repository\org\slf4j\jul-to-slf4j\1.7.36\jul-to-slf4j-1.7.36.jar;C:\Users\16508\.m2\repository\jakarta\annotation\jakarta.annotation-api\1.3.5\jakarta.annotation-api-1.3.5.jar;C:\Users\16508\.m2\repository\org\springframework\spring-core\5.3.30\spring-core-5.3.30.jar;C:\Users\16508\.m2\repository\org\springframework\spring-jcl\5.3.30\spring-jcl-5.3.30.jar;C:\Users\16508\.m2\repository\org\yaml\snakeyaml\1.30\snakeyaml-1.30.jar;C:\Users\16508\.m2\repository\org\projectlombok\lombok\1.18.20\lombok-1.18.20.jar;C:\Users\16508\.m2\repository\mysql\mysql-connector-java\8.0.27\mysql-connector-java-8.0.27.jar;C:\Users\16508\.m2\repository\com\google\protobuf\protobuf-java\3.11.4\protobuf-java-3.11.4.jar;C:\Users\16508\.m2\repository\org\springframework\boot\spring-boot-starter-jdbc\2.7.16\spring-boot-starter-jdbc-2.7.16.jar;C:\Users\16508\.m2\repository\com\zaxxer\HikariCP\4.0.3\HikariCP-4.0.3.jar;C:\Users\16508\.m2\repository\org\springframework\spring-jdbc\5.3.30\spring-jdbc-5.3.30.jar;C:\Users\16508\.m2\repository\org\springframework\spring-beans\5.3.30\spring-beans-5.3.30.jar;C:\Users\16508\.m2\repository\org\springframework\spring-tx\5.3.30\spring-tx-5.3.30.jar;C:\Users\16508\.m2\repository\org\springframework\boot\spring-boot-starter-web\2.7.16\spring-boot-starter-web-2.7.16.jar;C:\Users\16508\.m2\repository\org\springframework\boot\spring-boot-starter-json\2.7.16\spring-boot-starter-json-2.7.16.jar;C:\Users\16508\.m2\repository\com\fasterxml\jackson\datatype\jackson-datatype-jdk8\2.13.5\jackson-datatype-jdk8-2.13.5.jar;C:\Users\16508\.m2\repository\com\fasterxml\jackson\datatype\jackson-datatype-jsr310\2.13.5\jackson-datatype-jsr310-2.13.5.jar;C:\Users\16508\.m2\repository\com\fasterxml\jackson\module\jackson-module-parameter-names\2.13.5\jackson-module-parameter-names-2.13.5.jar;C:\Users\16508\.m2\repository\org\springframework\boot\spring-boot-starter-tomcat\2.7.16\spring-boot-starter-tomcat-2.7.16.jar;C:\Users\16508\.m2\repository\org\apache\tomcat\embed\tomcat-embed-core\9.0.80\tomcat-embed-core-9.0.80.jar;C:\Users\16508\.m2\repository\org\apache\tomcat\embed\tomcat-embed-el\9.0.80\tomcat-embed-el-9.0.80.jar;C:\Users\16508\.m2\repository\org\apache\tomcat\embed\tomcat-embed-websocket\9.0.80\tomcat-embed-websocket-9.0.80.jar;C:\Users\16508\.m2\repository\org\springframework\spring-web\5.3.30\spring-web-5.3.30.jar;C:\Users\16508\.m2\repository\org\springframework\spring-webmvc\5.3.30\spring-webmvc-5.3.30.jar;C:\Users\16508\.m2\repository\org\springframework\spring-aop\5.3.30\spring-aop-5.3.30.jar;C:\Users\16508\.m2\repository\org\springframework\spring-expression\5.3.30\spring-expression-5.3.30.jar;C:\Users\16508\.m2\repository\org\springframework\boot\spring-boot-devtools\2.7.16\spring-boot-devtools-2.7.16.jar;C:\Users\16508\.m2\repository\com\baomidou\mybatis-plus-boot-starter\3.4.2\mybatis-plus-boot-starter-3.4.2.jar;C:\Users\16508\.m2\repository\com\baomidou\mybatis-plus\3.4.2\mybatis-plus-3.4.2.jar;C:\Users\16508\.m2\repository\com\baomidou\mybatis-plus-extension\3.4.2\mybatis-plus-extension-3.4.2.jar;C:\Users\16508\.m2\repository\com\baomidou\mybatis-plus-core\3.4.2\mybatis-plus-core-3.4.2.jar;C:\Users\16508\.m2\repository\com\baomidou\mybatis-plus-annotation\3.4.2\mybatis-plus-annotation-3.4.2.jar;C:\Users\16508\.m2\repository\com\github\jsqlparser\jsqlparser\4.0\jsqlparser-4.0.jar;C:\Users\16508\.m2\repository\org\mybatis\mybatis\3.5.6\mybatis-3.5.6.jar;C:\Users\16508\.m2\repository\org\mybatis\mybatis-spring\2.0.5\mybatis-spring-2.0.5.jar;C:\Users\16508\.m2\repository\io\jsonwebtoken\jjwt\0.9.1\jjwt-0.9.1.jar;C:\Users\16508\.m2\repository\com\fasterxml\jackson\core\jackson-databind\2.13.5\jackson-databind-2.13.5.jar;C:\Users\16508\.m2\repository\com\fasterxml\jackson\core\jackson-annotations\2.13.5\jackson-annotations-2.13.5.jar;C:\Users\16508\.m2\repository\com\fasterxml\jackson\core\jackson-core\2.13.5\jackson-core-2.13.5.jar;C:\Users\16508\.m2\repository\org\springframework\boot\spring-boot-starter-data-redis\2.7.16\spring-boot-starter-data-redis-2.7.16.jar;C:\Users\16508\.m2\repository\org\springframework\data\spring-data-redis\2.7.16\spring-data-redis-2.7.16.jar;C:\Users\16508\.m2\repository\org\springframework\data\spring-data-keyvalue\2.7.16\spring-data-keyvalue-2.7.16.jar;C:\Users\16508\.m2\repository\org\springframework\data\spring-data-commons\2.7.16\spring-data-commons-2.7.16.jar;C:\Users\16508\.m2\repository\org\springframework\spring-oxm\5.3.30\spring-oxm-5.3.30.jar;C:\Users\16508\.m2\repository\org\springframework\spring-context-support\5.3.30\spring-context-support-5.3.30.jar;C:\Users\16508\.m2\repository\io\lettuce\lettuce-core\6.1.10.RELEASE\lettuce-core-6.1.10.RELEASE.jar;C:\Users\16508\.m2\repository\io\netty\netty-common\4.1.97.Final\netty-common-4.1.97.Final.jar;C:\Users\16508\.m2\repository\io\netty\netty-handler\4.1.97.Final\netty-handler-4.1.97.Final.jar;C:\Users\16508\.m2\repository\io\netty\netty-resolver\4.1.97.Final\netty-resolver-4.1.97.Final.jar;C:\Users\16508\.m2\repository\io\netty\netty-buffer\4.1.97.Final\netty-buffer-4.1.97.Final.jar;C:\Users\16508\.m2\repository\io\netty\netty-transport-native-unix-common\4.1.97.Final\netty-transport-native-unix-common-4.1.97.Final.jar;C:\Users\16508\.m2\repository\io\netty\netty-codec\4.1.97.Final\netty-codec-4.1.97.Final.jar;C:\Users\16508\.m2\repository\io\netty\netty-transport\4.1.97.Final\netty-transport-4.1.97.Final.jar;C:\Users\16508\.m2\repository\io\projectreactor\reactor-core\3.4.32\reactor-core-3.4.32.jar;C:\Users\16508\.m2\repository\org\reactivestreams\reactive-streams\1.0.4\reactive-streams-1.0.4.jar;C:\Users\16508\.m2\repository\redis\clients\jedis\3.8.0\jedis-3.8.0.jar;C:\Users\16508\.m2\repository\org\slf4j\slf4j-api\1.7.36\slf4j-api-1.7.36.jar;C:\Users\16508\.m2\repository\org\apache\commons\commons-pool2\2.11.1\commons-pool2-2.11.1.jar;C:\Users\16508\.m2\repository\org\springframework\boot\spring-boot-starter-amqp\2.7.16\spring-boot-starter-amqp-2.7.16.jar;C:\Users\16508\.m2\repository\org\springframework\spring-messaging\5.3.30\spring-messaging-5.3.30.jar;C:\Users\16508\.m2\repository\org\springframework\amqp\spring-rabbit\2.4.16\spring-rabbit-2.4.16.jar;C:\Users\16508\.m2\repository\org\springframework\amqp\spring-amqp\2.4.16\spring-amqp-2.4.16.jar;C:\Users\16508\.m2\repository\org\springframework\retry\spring-retry\1.3.4\spring-retry-1.3.4.jar;C:\Users\16508\.m2\repository\com\rabbitmq\amqp-client\5.14.3\amqp-client-5.14.3.jar
Launcher Type: SUN_STANDARD

[Global flags]
     intx CICompilerCount                          = 12                                        {product} {ergonomic}
     uint ConcGCThreads                            = 3                                         {product} {ergonomic}
     uint G1ConcRefinementThreads                  = 13                                        {product} {ergonomic}
   size_t G1HeapRegionSize                         = 2097152                                   {product} {ergonomic}
    uintx GCDrainStackTargetSize                   = 64                                        {product} {ergonomic}
   size_t InitialHeapSize                          = 264241152                                 {product} {ergonomic}
     bool ManagementServer                         = true                                      {product} {command line}
   size_t MarkStackSize                            = 4194304                                   {product} {ergonomic}
   size_t MaxHeapSize                              = 4225761280                                {product} {ergonomic}
   size_t MinHeapDeltaBytes                        = 2097152                                   {product} {ergonomic}
   size_t MinHeapSize                              = 8388608                                   {product} {ergonomic}
    uintx NonProfiledCodeHeapSize                  = 0                                      {pd product} {ergonomic}
     bool ProfileInterpreter                       = false                                  {pd product} {command line}
    uintx ProfiledCodeHeapSize                     = 0                                      {pd product} {ergonomic}
   size_t SoftMaxHeapSize                          = 4225761280                             {manageable} {ergonomic}
     intx TieredStopAtLevel                        = 1                                         {product} {command line}
     bool UseCompressedClassPointers               = true                           {product lp64_product} {ergonomic}
     bool UseCompressedOops                        = true                           {product lp64_product} {ergonomic}
     bool UseG1GC                                  = true                                      {product} {ergonomic}
     bool UseLargePagesIndividualAllocation        = false                                  {pd product} {ergonomic}

Logging:
Log output configuration:
 #0: stdout all=warning uptime,level,tags foldmultilines=false
 #1: stderr all=off uptime,level,tags foldmultilines=false

Environment Variables:
JAVA_HOME=C:\Users\16508\.jdks\corretto-1.8.0_392
CLASSPATH=.;C:\Users\16508\.jdks\corretto-1.8.0_392\lib\dt.jar;C:\Users\16508\.jdks\corretto-1.8.0_392\lib\tools.jar;
PATH=C:\Users\16508\AppData\Local\Microsoft\WindowsApps;D:\Program Files\Microsoft VS Code\bin;D:\Program Files\Git\cmd;C:\Windows\System32;D:\Program Files\nvm;D:\Program Files\nodejs;D:\Program Files\nvm\v16.14.2\;C:\WINDOWS\System32\WindowsPowerShell\v1.0\;C:\WINDOWS\System32\Wbem;C:\WINDOWS\System32\OpenSSH\;C:\Program Files\OpenSSH\bin;D:\Program Files\TortoiseGit\bin;D:\Program Files\MySQL\MySQL Server 8.0\bin;C:\Program Files\Docker\Docker\resources\bin;D:\Program Files\anaconda\Scripts;C:\Users\16508\.jdks\corretto-1.8.0_392\jre\lib;C:\Users\16508\.jdks\corretto-1.8.0_392\bin;C:\Users\16508\AppData\Local\Microsoft\WindowsApps;D:\Program Files\Microsoft VS Code\bin;C:\Windows\System32;D:\Program Files\nvm;D:\Program Files\nodejs;D:\Program Files\maven\apache-maven-3.9.4\bin;D:\Program Files\JetBrains\IntelliJ IDEA 2023.2.2\bin;;D:\depot_tools;D:\Program Files\MySQL\MySQL Server 8.0\bin;
USERNAME=16508
OS=Windows_NT
PROCESSOR_IDENTIFIER=Intel64 Family 6 Model 154 Stepping 3, GenuineIntel
TMP=C:\Users\16508\AppData\Local\Temp
TEMP=C:\Users\16508\AppData\Local\Temp




---------------  S Y S T E M  ---------------

OS:
 Windows 11 , 64 bit Build 22621 (10.0.22621.2506)
OS uptime: 2 days 8:26 hours
Hyper-V role detected

CPU: total 16 (initial active 16) (8 cores per cpu, 2 threads per core) family 6 model 154 stepping 3 microcode 0x424, cx8, cmov, fxsr, ht, mmx, 3dnowpref, sse, sse2, sse3, ssse3, sse4.1, sse4.2, popcnt, lzcnt, tsc, tscinvbit, avx, avx2, aes, erms, clmul, bmi1, bmi2, adx, sha, fma, vzeroupper, clflush, clflushopt, clwb, hv, serialize, rdtscp, rdpid, fsrm, f16c, cet_ibt, cet_ss

Memory: 4k page, system-wide physical 16115M (1670M free)
TotalPageFile size 28916M (AvailPageFile size 201M)
current process WorkingSet (physical memory assigned to process): 12M, peak: 12M
current process commit charge ("private bytes"): 66M, peak: 318M

vm_info: Java HotSpot(TM) 64-Bit Server VM (20.0.2+9-78) for windows-amd64 JRE (20.0.2+9-78), built on 2023-06-14T10:08:48Z by "mach5one" with MS VC++ 17.1 (VS2022)

END.
